[2024-07-07T16:33:39.721002+00:00] app.INFO: [CREATED ARTICLE] [b48a5a28-7b50-465a-aa19-a57307262a96] ["Sestais" spēlētājs Lomažs: Latvijas izlasē nav ego vai privilēģiju] [] []
[2024-07-07T16:37:33.127791+00:00] app.INFO: [CREATED ARTICLE] [4ac59b1a-081d-4819-8487-a76925f68df7] [ Lietuvas basketbolisti iekļūst OS kvalifikācijas turnīra finālā] [] []
[2024-07-07T17:01:46.704490+00:00] app.INFO: [CREATED COMMENT] [1bb81b81-7c9d-4cb3-bc51-31314cebee9a] [Author one] [First comment!!!] [] []
[2024-07-07T17:02:11.897341+00:00] app.INFO: [CREATED COMMENT] [cf5b1308-e842-4e68-b5c1-7cc2fb028880] [Author 2] [Second comment:))] [] []
[2024-07-11T15:18:04.057772+00:00] app.INFO: [CREATED COMMENT] [9c08f557-1a3b-43ce-97ea-7c482d098311] [w] [ertyhjgfdsd] [] []
[2024-07-11T15:23:24.810978+00:00] app.INFO: [CREATED ARTICLE] [3e0f756e-d085-4ddd-a8db-b2c03ddc696a] [ARTICLE ONE] [] []
[2024-07-11T15:23:26.805689+00:00] app.INFO: [DELETED ARTICLE] [3e0f756e-d085-4ddd-a8db-b2c03ddc696a] [] []
[2024-07-11T15:23:29.873260+00:00] app.INFO: [UPDATED ARTICLE] [b48a5a28-7b50-465a-aa19-a57307262a96] ["Sestais" spēlētājs Lomažs: Latvijas izlasē nav ego vai privilēģiju] [] []
[2024-07-12T09:16:42.358539+00:00] app.INFO: [DELETED COMMENT] [9c08f557-1a3b-43ce-97ea-7c482d098311] [] []
[2024-07-12T09:25:44.366459+00:00] app.INFO: [CREATED COMMENT] [70a2a5c2-cb3c-4d9e-8d46-e03480d879c8] [s] [s] [] []
[2024-07-12T09:26:00.718784+00:00] app.INFO: [CREATED COMMENT] [befd8837-5b04-485f-add0-6c5c0353d9d6] [sdfg] [asdf] [] []
[2024-07-12T09:29:50.812787+00:00] app.INFO: [CREATED COMMENT] [f22b7716-d7ec-4437-9e82-584e01088b41] [s] [s] [] []
[2024-07-12T09:29:59.238676+00:00] app.INFO: [DELETED COMMENT] [1bb81b81-7c9d-4cb3-bc51-31314cebee9a] [] []
[2024-07-12T09:33:22.302357+00:00] app.INFO: [CREATED ARTICLE] [326d4a51-f27a-40f2-a43b-35c821914f1a] [x] [] []
[2024-07-12T09:33:34.224323+00:00] app.INFO: [UPDATED ARTICLE] [326d4a51-f27a-40f2-a43b-35c821914f1a] [xxx] [] []
[2024-07-12T09:33:35.792236+00:00] app.INFO: [DELETED ARTICLE] [326d4a51-f27a-40f2-a43b-35c821914f1a] [] []
[2024-07-12T09:44:07.068545+00:00] app.INFO: [CREATED ARTICLE] [ceb9d014-ee0e-463d-9799-5518a9281be0] [x] [] []
[2024-07-12T09:44:09.065740+00:00] app.INFO: [DELETED ARTICLE] [ceb9d014-ee0e-463d-9799-5518a9281be0] [] []
[2024-07-12T10:32:03.216702+00:00] app.INFO: [CREATED ARTICLE] [a30814bb-5f7b-423c-9cfe-5495276de48e] [] [] []
[2024-07-12T10:32:39.989081+00:00] app.INFO: [CREATED ARTICLE] [7aa2e54e-2d4a-4cae-a1a3-b20aa4087039] [] [] []
[2024-07-12T10:32:48.137857+00:00] app.INFO: [CREATED ARTICLE] [58dd9283-749f-4faa-9971-012e0334f668] [] [] []
[2024-07-12T10:33:03.626266+00:00] app.INFO: [CREATED ARTICLE] [b19be864-6e70-4f6a-b0c5-b473612d831a] [Astoņas problēmAstoņas problēmas, kuras tehnoloģiju attīstība joprojām nav spējusi atrisinātAstoņas problēmas, kuras tehnoloģiju attīstība joprojām nav spējusi atrisinātAstoņas problēmas, kuras tehnoloģiju attīstība joprojām nav spējusi atrisinātAstoņas problēmas, kuras tehnoloģiju attīstība joprojām nav spējusi atrisinātAstoņas problēmas, kuras tehnoloģiju attīstība joprojām nav spējusi atrisinātAstoņas problēmas, kuras tehnoloģiju attīstība joprojām nav spējusi atrisinātAstoņas problēmas, kuras tehnoloģiju attīstība joprojām nav spējusi atrisinātAstoņas problēmas, kuras tehnoloģiju attīstība joprojām nav spējusi atrisinātAstoņas problēmas, kuras tehnoloģiju attīstība joprojām nav spējusi atrisinātAstoņas problēmas, kuras tehnoloģiju attīstība joprojām nav spējusi atrisinātas, kuras tehnoloģiju attīstība joprojām nav spējusi atrisināt] [] []
[2024-07-12T10:33:12.668085+00:00] app.INFO: [DELETED ARTICLE] [a30814bb-5f7b-423c-9cfe-5495276de48e] [] []
[2024-07-12T10:33:22.121760+00:00] app.INFO: [DELETED ARTICLE] [b19be864-6e70-4f6a-b0c5-b473612d831a] [] []
[2024-07-12T10:33:23.932683+00:00] app.INFO: [DELETED ARTICLE] [58dd9283-749f-4faa-9971-012e0334f668] [] []
[2024-07-12T10:33:24.996135+00:00] app.INFO: [DELETED ARTICLE] [7aa2e54e-2d4a-4cae-a1a3-b20aa4087039] [] []
[2024-07-12T10:34:37.644323+00:00] app.INFO: [CREATED ARTICLE] [6b268c0a-124b-40bf-8d42-5205bb640341] [] [] []
[2024-07-12T10:34:48.712042+00:00] app.INFO: [DELETED ARTICLE] [6b268c0a-124b-40bf-8d42-5205bb640341] [] []
[2024-07-12T10:38:20.515261+00:00] app.INFO: [CREATED ARTICLE] [67a93521-f25b-451c-9706-5a06a5d43ccf] [] [] []
[2024-07-12T10:38:23.618133+00:00] app.INFO: [CREATED ARTICLE] [6ce12529-6105-4f57-8663-81a7a1a0eb28] [] [] []
[2024-07-12T10:47:43.704483+00:00] app.INFO: [DELETED ARTICLE] [67a93521-f25b-451c-9706-5a06a5d43ccf] [] []
[2024-07-12T10:47:45.081440+00:00] app.INFO: [DELETED ARTICLE] [6ce12529-6105-4f57-8663-81a7a1a0eb28] [] []
[2024-07-12T10:59:23.650981+00:00] app.INFO: [CREATED ARTICLE] [5481bc98-2387-4d70-ba69-99ee73034228] [x] [] []
[2024-07-12T11:38:44.088132+00:00] app.INFO: [CREATED ARTICLE] [3cbd3503-19c0-40c3-a384-5b11c1e0045e] [] [] []
[2024-07-12T11:38:46.819395+00:00] app.INFO: [DELETED ARTICLE] [3cbd3503-19c0-40c3-a384-5b11c1e0045e] [] []
[2024-07-12T11:38:50.982684+00:00] app.INFO: [DELETED ARTICLE] [5481bc98-2387-4d70-ba69-99ee73034228] [] []
[2024-07-12T11:38:52.790400+00:00] app.INFO: [CREATED ARTICLE] [a09893f7-3665-4804-9738-5a793576b410] [] [] []
[2024-07-12T11:38:55.341467+00:00] app.INFO: [DELETED ARTICLE] [a09893f7-3665-4804-9738-5a793576b410] [] []
[2024-07-12T11:44:14.376484+00:00] app.INFO: [CREATED ARTICLE] [7b8383bd-c128-4a34-a8cc-945a9123ce87] [f] [] []
[2024-07-12T11:44:19.185349+00:00] app.INFO: [CREATED ARTICLE] [5f3e2a46-53c9-446c-933a-96f7a1c62af4] [f] [] []
[2024-07-12T11:44:30.376480+00:00] app.INFO: [DELETED ARTICLE] [7b8383bd-c128-4a34-a8cc-945a9123ce87] [] []
[2024-07-12T11:44:31.612398+00:00] app.INFO: [DELETED ARTICLE] [5f3e2a46-53c9-446c-933a-96f7a1c62af4] [] []
[2024-07-12T11:46:22.262310+00:00] app.INFO: [CREATED ARTICLE] [7479b1bc-4437-40bd-b76e-51a90483612f] [sdfg] [] []
[2024-07-12T11:48:02.711415+00:00] app.INFO: [DELETED ARTICLE] [7479b1bc-4437-40bd-b76e-51a90483612f] [] []
[2024-07-12T11:48:48.725111+00:00] app.INFO: [CREATED ARTICLE] [fe5cd824-69fc-45a5-a45d-595ab0c9b8a3] [Turpmāk par braukšanu reibumā un vardarbību piespriedīs krietni bargākus sodus] [] []
[2024-07-12T11:49:01.292946+00:00] app.INFO: [CREATED ARTICLE] [80d43256-57cc-4f8d-ad33-01943634e956] [Turpmāk par braukšanu r] [] []
[2024-07-12T11:49:16.424120+00:00] app.INFO: [DELETED ARTICLE] [80d43256-57cc-4f8d-ad33-01943634e956] [] []
[2024-07-12T12:30:41.555980+00:00] app.INFO: [DELETED COMMENT] [f22b7716-d7ec-4437-9e82-584e01088b41] [] []
[2024-07-12T12:57:49.558047+00:00] app.INFO: [CREATED ARTICLE] [a85cb27e-0dd2-402f-a14b-fb640cbc6350] [z] [] []
[2024-07-12T12:58:28.172015+00:00] app.INFO: [CREATED ARTICLE] [e3250a93-d3b2-47b5-b41d-f5adbde13d73] [100000000010000000001000000000100000000010000000001000000000100001000000000100000000010000000001000000000100000000010000000001000000000100000000010000000001000000000100000000010000000001000000000100000000010000000001000000000100000000010000000001000000000100000000000000100000000010000000001000000000] [] []
[2024-07-12T12:59:16.426102+00:00] app.INFO: [CREATED ARTICLE] [40d10fd3-afe5-4cb8-a803-1caa4f8ecc72] [123456789012345678901234567890] [] []
[2024-07-12T12:59:35.872679+00:00] app.INFO: [DELETED ARTICLE] [e3250a93-d3b2-47b5-b41d-f5adbde13d73] [] []
[2024-07-12T13:00:24.255141+00:00] app.INFO: [CREATED ARTICLE] [6c3d20fa-751a-42cc-a368-c322c69f3c66] [12345678901234567890123456789012345678901234567890123456789012345678901234567890] [] []
[2024-07-12T13:00:43.514104+00:00] app.INFO: [CREATED ARTICLE] [ec18c59f-f041-4ef7-82ae-95953e0ed418] [123456789012345678901234567890123456789012345678901234567890123456789012345678901234567890] [] []
[2024-07-12T13:00:48.781869+00:00] app.INFO: [DELETED ARTICLE] [6c3d20fa-751a-42cc-a368-c322c69f3c66] [] []
[2024-07-12T13:00:55.133111+00:00] app.INFO: [DELETED ARTICLE] [ec18c59f-f041-4ef7-82ae-95953e0ed418] [] []
[2024-07-12T13:00:56.431628+00:00] app.INFO: [DELETED ARTICLE] [40d10fd3-afe5-4cb8-a803-1caa4f8ecc72] [] []
[2024-07-12T13:00:57.614245+00:00] app.INFO: [DELETED ARTICLE] [a85cb27e-0dd2-402f-a14b-fb640cbc6350] [] []
[2024-07-12T13:54:09.769994+00:00] app.INFO: [CREATED COMMENT] [b3376396-2651-485d-88be-0ba4c9acb86f] [v] [v] [] []
[2024-07-12T13:55:01.158381+00:00] app.INFO: [DELETED COMMENT] [b3376396-2651-485d-88be-0ba4c9acb86f] [] []
[2024-07-12T13:56:19.400699+00:00] app.INFO: [CREATED COMMENT] [30023ef6-3a2e-46b4-9251-c79f573b06e5] [authorrr] [a] [] []
[2024-07-12T13:59:30.729411+00:00] app.INFO: [UPDATED ARTICLE] [b48a5a28-7b50-465a-aa19-a57307262a96] ["Sestais" spēlētājs Lomažs: Latvijas izlasē nav ego vai privilēģiju] [] []
[2024-07-12T14:00:43.406737+00:00] app.INFO: [DELETED ARTICLE] [fe5cd824-69fc-45a5-a45d-595ab0c9b8a3] [] []
[2024-07-12T14:05:43.689980+00:00] app.INFO: [CREATED ARTICLE] [a574261b-3b75-4c2a-9a78-7472b1ff69ff] [ Lietuvas basketbolisti iekļūst OS kvalifikācijas turnīra finālā] [] []
[2024-07-12T14:05:50.163345+00:00] app.INFO: [UPDATED ARTICLE] [a574261b-3b75-4c2a-9a78-7472b1ff69ff] [ Lietuvas basketbolisti iekļūst OS kvalifikācijas turnīra finālā] [] []
[2024-07-12T14:05:56.962133+00:00] app.INFO: [CREATED COMMENT] [16694376-e7e6-4a3b-920b-f92014beea21] [d] [d] [] []
[2024-07-12T14:07:39.450121+00:00] app.INFO: [DELETED COMMENT] [16694376-e7e6-4a3b-920b-f92014beea21] [] []
[2024-07-12T14:07:43.577153+00:00] app.INFO: [CREATED COMMENT] [ab3c84a5-de72-4bc7-b4eb-4db57edc6212] [z] [z] [] []
[2024-07-12T14:07:45.957586+00:00] app.INFO: [DELETED COMMENT] [ab3c84a5-de72-4bc7-b4eb-4db57edc6212] [] []
[2024-07-12T14:07:52.853821+00:00] app.INFO: [CREATED ARTICLE] [e11bcda4-abbb-4c6b-a76d-bbce5afcf323] [z] [] []
[2024-07-12T14:07:57.084126+00:00] app.INFO: [UPDATED ARTICLE] [e11bcda4-abbb-4c6b-a76d-bbce5afcf323] [zz] [] []
[2024-07-12T14:08:02.400839+00:00] app.INFO: [DELETED ARTICLE] [e11bcda4-abbb-4c6b-a76d-bbce5afcf323] [] []
[2024-07-12T14:08:06.447065+00:00] app.INFO: [DELETED ARTICLE] [a574261b-3b75-4c2a-9a78-7472b1ff69ff] [] []
[2024-07-12T14:25:26.599870+00:00] app.INFO: [CREATED ARTICLE] [efda3b2f-e3f6-423e-8fdc-98f6cb479d53] [x] [] []
[2024-07-12T14:38:43.332465+00:00] app.INFO: [CREATED ARTICLE] [cbdea961-c680-4399-8f6a-4cce2d2a73b0] [] [] []
[2024-07-12T14:39:49.010708+00:00] app.INFO: [CREATED ARTICLE] [160258d2-d3ec-4167-bbe7-4949abb46d26] [x] [] []
[2024-07-12T14:39:50.931270+00:00] app.INFO: [DELETED ARTICLE] [efda3b2f-e3f6-423e-8fdc-98f6cb479d53] [] []
[2024-07-12T14:39:52.053071+00:00] app.INFO: [DELETED ARTICLE] [cbdea961-c680-4399-8f6a-4cce2d2a73b0] [] []
[2024-07-12T14:39:52.950775+00:00] app.INFO: [DELETED ARTICLE] [160258d2-d3ec-4167-bbe7-4949abb46d26] [] []
